<?xml version="1.0" encoding="UTF-8"?>
<!-- Generated by org.testng.reporters.JUnitXMLReporter -->
<testsuite ignored="0" hostname="DESKTOP-MNK2190" failures="1" tests="1" name="TestNG test-2" time="0.04" errors="0" timestamp="2021-08-05T10:46:35 IST">
  <testcase classname="TestCase.Case_2" name="string" time="0.01">
    <failure type="java.lang.AssertionError" message="The following asserts failed:
	expected [Amit] but found [Asmit],
	expected [20] but found [10]">
      <![CDATA[java.lang.AssertionError: The following asserts failed:
expected [Amit] but found [Asmit],
expected [20] but found [10]
at TestCase.Case_2.string(Case_2.java:28)
at java.base/java.util.ArrayList.forEach(ArrayList.java:1511)
... Removed 29 stack frames]]>
    </failure>
  </testcase> <!-- string -->
</testsuite> <!-- TestNG test-2 -->
